<?xml version="1.0" encoding="UTF-8"?>
<!-- Generated by org.testng.reporters.JUnitXMLReporter -->
<testsuite ignored="0" hostname="LAPTOP-PLNO5R2G" failures="0" tests="6" name="Default test" time="21.328" errors="0" timestamp="2023-03-18T13:36:11 PDT">
  <testcase classname="amazon.Amazon_Sign_In_PropertiesFile" name="clickOnSignInLink" time="0.704"/>
  <testcase classname="amazon.Amazon_Sign_In_PropertiesFile" name="logInCredentials" time="0.565"/>
  <testcase classname="amazon.Amazon_Sign_In_PropertiesFile" name="searchPoscaMarkers" time="10.649"/>
  <testcase classname="amazon.Amazon_Sign_In_PropertiesFile" name="addToCartButton" time="1.53"/>
  <testcase classname="amazon.Amazon_Sign_In_PropertiesFile" name="goToCartButton" time="2.095"/>
  <testcase classname="amazon.Amazon_Sign_In_PropertiesFile" name="amazonHomeButton" time="1.241"/>
</testsuite> <!-- Default test -->
