<?xml version="1.0" encoding="UTF-8"?>
<!-- Generated by org.testng.reporters.JUnitXMLReporter -->
<testsuite ignored="0" hostname="LAPTOP-PLNO5R2G" failures="0" tests="3" name="Test" time="7.737" errors="0" timestamp="2023-03-18T12:24:55 PDT">
  <testcase classname="amazon.Amazon_Create_An_Account" name="clickOnCreateAnAccountLink" time="0.885"/>
  <testcase classname="amazon.Amazon_Create_An_Account" name="createAnAccountCredentials" time="1.125"/>
  <testcase classname="amazon.Amazon_Create_An_Account" name="amazonHome" time="1.277"/>
</testsuite> <!-- Test -->
